{"message":"Bookmark with id 11 not fount","level":"error"}
{"message":"Bookmark with id cb4d7f87-4b01-488f-849f-9c2c5a98a303 created","level":"info"}
{"message":"Bookmark with id cb4d7f87-4b01-488f-849f-9c2c5a98a303 not found.","level":"error"}
{"message":"Bookmark with id cb4d7f87-4b01-488f-849f-9c2c5a98a303 not fount","level":"error"}
{"message":"Bookmark with id 6c26fc55-7bde-4c74-bad3-9133c3a22373 created","level":"info"}
{"message":"Bookmark with id 6c26fc55-7bde-4c74-bad3-9133c3a22373 deleted.","level":"info"}
{"message":"Bookmark with id aa01ba13-62fb-40e0-8f22-03a2e22d98d5d not fount","level":"error"}
{"message":"Bookmark with id aa01ba13-62fb-40e0-8f22-03a2e22d98d5d not fount","level":"error"}
{"message":"Bookmark with id aa01ba13-62fb-40e0-8f22-03a2e22d98d5 not fount","level":"error"}
{"message":"Unauthorized request to path: /","level":"error"}
{"message":"Unauthorized request to path: /","level":"error"}
{"message":"Unauthorized request to path: /","level":"error"}
{"message":"Unauthorized request to path: /bookmarks","level":"error"}
{"message":"Bookmark with id 1234 not fount","level":"error"}
{"message":"Bookmark with id 1aaca0ef-1594-4cb7-b26e-dc60fc7afceb not fount","level":"error"}
{"message":"Bookmark with id 1aaca0ef-1594-4cb7-b26e-dc60fc7afceb not fount","level":"error"}
{"message":"Bookmark with id 1aaca0ef-1594-4cb7-b26e-dc60fc7afceb not fount","level":"error"}
{"message":"Bookmark with id 1aaca0ef-1594-4cb7-b26e-dc60fc7afceb not fount","level":"error"}
{"message":"Bookmark with id 1aaca0ef-1594-4cb7-b26e-dc60fc7afceb not fount","level":"error"}
{"message":"Bookmark with id 1aaca0ef-1594-4cb7-b26e-dc60fc7afceb not fount","level":"error"}
{"message":"Bookmark with id 1aaca0ef-1594-4cb7-b26e-dc60fc7afceb not fount","level":"error"}
{"message":"Bookmark with id 1aaca0ef-1594-4cb7-b26e-dc60fc7afceb not fount","level":"error"}
{"message":"Bookmark with id 1aaca0ef-1594-4cb7-b26e-dc60fc7afceb not fount","level":"error"}
{"message":"Bookmark with id 1aaca0ef-1594-4cb7-b26e-dc60fc7afceb not fount","level":"error"}
{"message":"Bookmark with id 1aaca0ef-1594-4cb7-b26e-dc60fc7afceb not fount","level":"error"}
{"message":"Bookmark with id 1aaca0ef-1594-4cb7-b26e-dc60fc7afceb not fount","level":"error"}
{"message":"Bookmark with id 1aaca0ef-1594-4cb7-b26e-dc60fc7afceb not fount","level":"error"}
{"message":"Bookmark with id 1aaca0ef-1594-4cb7-b26e-dc60fc7afceb not fount","level":"error"}
{"message":"Bookmark with id 1aaca0ef-1594-4cb7-b26e-dc60fc7afceb not fount","level":"error"}
{"message":"Bookmark with id 1aaca0ef-1594-4cb7-b26e-dc60fc7afceb not fount","level":"error"}
{"message":"Bookmark with id 1aaca0ef-1594-4cb7-b26e-dc60fc7afceb not fount","level":"error"}
{"message":"Bookmark with id 1aaca0ef-1594-4cb7-b26e-dc60fc7afceb not fount","level":"error"}
{"message":"Bookmark with id 1aaca0ef-1594-4cb7-b26e-dc60fc7afceb not fount","level":"error"}
{"message":"Bookmark with id 17edeb33-83df-4ff5-98ab-43ede5cfee64 created","level":"info"}
{"message":"Bookmark with id 1aaca0ef-1594-4cb7-b26e-dc60fc7afceb not fount","level":"error"}
{"message":"Bookmark with id 5b5ff751-8939-44ae-b522-202e1dda81a1 created","level":"info"}
{"message":"Bookmark with id 1aaca0ef-1594-4cb7-b26e-dc60fc7afceb not fount","level":"error"}
{"message":"Bookmark with id 7ed98945-9f62-4041-9a89-c1fa02c8f121 created","level":"info"}
{"message":"Bookmark with id 1aaca0ef-1594-4cb7-b26e-dc60fc7afceb not fount","level":"error"}
{"message":"Bookmark with id 6405d03b-a9aa-421f-912c-94106745af18 created","level":"info"}
{"message":"Unauthorized request to path: /bookmarks/6405d03b-a9aa-421f-912c-94106745af18","level":"error"}
{"message":"Bookmark with id 1aaca0ef-1594-4cb7-b26e-dc60fc7afceb not fount","level":"error"}
{"message":"Bookmark with id 40b2ac5d-756c-4331-b37b-8bdc3b735482 created","level":"info"}
{"message":"Bookmark with id 1aaca0ef-1594-4cb7-b26e-dc60fc7afceb not fount","level":"error"}
{"message":"Bookmark with id cb4053f8-0446-4c17-b3f4-c531527ffc35 created","level":"info"}
{"message":"Bookmark with id 1aaca0ef-1594-4cb7-b26e-dc60fc7afceb not fount","level":"error"}
{"message":"Bookmark with id 78c6c198-07de-41f6-aa9d-b3632b8a2bfd created","level":"info"}
{"message":"Bookmark with id 1aaca0ef-1594-4cb7-b26e-dc60fc7afceb not fount","level":"error"}
{"message":"Bookmark with id 1d52d4d4-7955-4562-92fb-7b9cf4c07a98 created","level":"info"}
{"message":"Bookmark with id 1aaca0ef-1594-4cb7-b26e-dc60fc7afceb not fount","level":"error"}
{"message":"Bookmark with id 19e88f5c-ecca-4918-bf8f-9ba31907b79b created","level":"info"}
{"message":"Bookmark with id 1aaca0ef-1594-4cb7-b26e-dc60fc7afceb not fount","level":"error"}
{"message":"Bookmark with id 4fd81288-9ecb-4661-b55b-918b24959f0a created","level":"info"}
{"message":"Bookmark with id 1aaca0ef-1594-4cb7-b26e-dc60fc7afceb not fount","level":"error"}
{"message":"Bookmark with id d0d02e9c-1f64-48dc-8382-c4dc560c2118 created","level":"info"}
{"message":"Bookmark with id 1aaca0ef-1594-4cb7-b26e-dc60fc7afceb not fount","level":"error"}
{"message":"Bookmark with id 8e2302e3-d7d8-4b87-9988-89c2c2d01624 created","level":"info"}
{"message":"Unauthorized request to path: /articles/1aaca0ef-1594-4cb7-b26e-dc60fc7afceb","level":"error"}
{"message":"Bookmark with id 1aaca0ef-1594-4cb7-b26e-dc60fc7afceb not fount","level":"error"}
{"message":"Bookmark with id 6a7d2c20-38f1-4bb4-aca9-7a5d203865cb created","level":"info"}
{"message":"Bookmark with id 1aaca0ef-1594-4cb7-b26e-dc60fc7afceb not fount","level":"error"}
{"message":"Bookmark with id 861fdadb-812b-4838-8e09-d39107b01d8d created","level":"info"}
{"message":"Bookmark with id 1aaca0ef-1594-4cb7-b26e-dc60fc7afceb not fount","level":"error"}
{"message":"Bookmark with id 79914595-046b-4196-b3e3-2db3da78ded4 created","level":"info"}
{"message":"Bookmark with id 1aaca0ef-1594-4cb7-b26e-dc60fc7afceb not fount","level":"error"}
{"message":"Bookmark with id a829b3c0-c988-42f8-8c25-1879cdfd4079 created","level":"info"}
{"message":"Bookmark with id 1aaca0ef-1594-4cb7-b26e-dc60fc7afceb not fount","level":"error"}
{"message":"Bookmark with id d8c20671-ecdd-4678-a4ba-0f1c2b532352 created","level":"info"}
{"message":"Bookmark with id 1aaca0ef-1594-4cb7-b26e-dc60fc7afceb not fount","level":"error"}
{"message":"Bookmark with id cfb4024f-8a1c-4b71-8432-ecfae99a68d8 created","level":"info"}
{"message":"Bookmark with id b51054b9-d9e3-4718-bd03-151c67e8698e created","level":"info"}
{"message":"Bookmark with id 1aaca0ef-1594-4cb7-b26e-dc60fc7afceb not fount","level":"error"}
{"message":"Bookmark with id b8ed5752-5a28-41bd-814e-9a3fdd77d117 created","level":"info"}
{"message":"Bookmark with id 1aaca0ef-1594-4cb7-b26e-dc60fc7afceb not fount","level":"error"}
{"message":"Bookmark with id 2dafcd58-60bc-4c4f-ab02-663c8f318b4e created","level":"info"}
{"message":"Bookmark with id 1aaca0ef-1594-4cb7-b26e-dc60fc7afceb not fount","level":"error"}
{"message":"Bookmark with id dc52bd98-f2d2-4495-8749-a6118d6ff0bd created","level":"info"}
{"message":"Bookmark with id 1aaca0ef-1594-4cb7-b26e-dc60fc7afceb not fount","level":"error"}
{"message":"Bookmark with id 496b043f-0a85-4f72-a949-095feaf162e7 created","level":"info"}
{"message":"Bookmark with id 1aaca0ef-1594-4cb7-b26e-dc60fc7afceb not fount","level":"error"}
{"message":"Bookmark with id 59c3fea7-b070-4725-b6df-8fcd7952513e created","level":"info"}
{"message":"Bookmark with id 1aaca0ef-1594-4cb7-b26e-dc60fc7afceb not fount","level":"error"}
{"message":"Bookmark with id 93fa880f-8f01-4afd-ab51-1d51e5b5a0be created","level":"info"}
